==== Feature: PlayMusicByYearOnService_DEV | 30/863 (3.5%)
Cluster: 11 | 22 (73.3%)
    ['Play some 1959 songs on Iheart', 'Play some seventies music on Netflix .', 'Play some seventies music on netflix .', 'play chant on groove shark from 1996', 'Play a fifties theme on lastfm', 'Play music from the eighties on Slacker .', 'Play some music from 1993 on Itunes .', 'Play a twenties soundtrack on Youtube', 'Play music from 2012 on google music', 'Play the music of melody of 1997 in Itunes', 'Play me a twenties tune on Deezer', 'Play a 1964 symphony on Netflix .', 'Play me music from the twenties on Itunes .', 'Please play some fourties music on Spotify', 'play 1981 music on Last Fm', 'play something from the twenties on Lastfm', 'Play 2004 on pandora', 'Can you play me something from the eighties on Youtube', 'Play fifties music on Deezer', 'Play some twenties theme music on Google Music .', 'Play some music from the last album of 1988 on Lastfm', 'Play me a 1974 tune on Slacker']
Cluster: 1 | 4 (13.3%)
    ['turn on Google Music to play 1991', 'play music form the fourties with Slacker', 'Please use Itunes to play something from 1986', 'Use Groove Shark to play music from the eighties']
Cluster: 4 | 2 (6.7%)
    ['play Pandora tunes from the fourties', 'I want ohear the 1996 soundtrack from deezer']
Cluster: 2 | 1 (3.3%)
    ['have Zvooq play songs from the fifties']
Cluster: 10 | 1 (3.3%)
    ['Can you play Deezer from 2007 ?']

==== Feature: PlayMusicByArtistAndYear_TEST | 192/863 (22.2%)
Cluster: 8 | 90 (46.9%)
    ['play Yusef Lateef songs from the fifties', 'Play some ivy anderson from around 1967', 'Play music by Paulinho Da Viola from 1965', 'Play the most popular twenties record from Leland Sklar', 'play some Kyle Ward from the seventies', 'Play some good movement music by Brian Littrell from around 2001', 'Play a Jim Mullen ep from the sixties', 'play a theme from 1985 by Patrick Cowley', 'play laura love songs from 1959', 'Play the best 1981 sound track from Ric Fierabracci', 'Play some Sonu Niigaam from the fifties', 'Play paul ortiz music from 1990', 'play Vivian Stanshall from 1962', "I want to hear Somi 's songs from the twenties", 'play Phil Spalding soundtrack from the seventies', 'play a Samira Said ballad from the nineties', 'Play Dj Drama from the 1976', 'play some King Tubby from the eighties', 'Play some sister rosetta tharpe songs from the eighties', 'play Robert Stoddard from 1988', 'Play the symphony by Tetsuya Ogawa from 1953', 'Play a Herbie Fields record from the sixties', "Play Oliver Cheatham 's symphony from the thirties .", 'play the greatest 1972 album by Wes Dakus', 'Play some nineties Eliza Carthy', 'Play some Mark Tremonti from the thirties .', 'Want to hear a chant by Nellie Mckay from the year 2008', 'Play a top-ten chant by Kelly Groucutt from 1964', 'Play some 1999 symphony from Minami Takahashi', 'play a concerto that was most popular in 1958 by mickey hart', 'Play me Sun Ra songs from the fifties', 'Can I hear tod ashley music from 1953 ?', 'Play some Oleg Anofriyev from 1960 .', 'Play Gary Chapman music from the fifties', 'Play some caribou from the sixties', 'Play me the last 1980 record by Brenda Kahn', 'play the 2014 album from la lupe', 'Play the last 1954 ep by Povel Ramel .', 'play wendy james from the fifties', 'Play the greatest Nicholaus Arson concerto from around 2000', 'Play me a 1986 Jim Root', 'play the album by Paul Barker playing the greatest from 1978', 'Play a melody by Adassa from the twenties', 'Play me a Maia Hirasawa soundtrack from 1951', 'Play some Paul Stookey from the sixties', 'I want to hear a Silvia Night ep from the sixties', 'Find a top fifty zahir howaida concerto from the seventies', 'Play some music from 1989 by Sanjeev Abhyankar .', 'Play the top ten theme music from 1975 by Tom Baxter', 'Play Greg Raposo songs from the thirties', 'listen to tei movement from most popular eighties music', 'Play Barbra Streisand music from 1997 .', 'play Barry Manilow from the twenties', 'Play the theme music from 1963 by Yuki Koyanagi', 'play something from 1971 by John Bonham', 'play some twenties movement tunes from the last Olga Souza', 'Play a 2014 theme from Greg Pattillo', 'Play Henrie Mutuku album from 1957', "I want to hear Papa Mali 's songs from the fifties", 'Play Jono El Grande from the thirties', 'play a top-fifty 1965 album by Ski', 'play music by Charlie Adams from 1954', "I want to hear some of David Gilmour 's music from 1973", 'Play some Paulinho Da Viola from 1965 .', 'Play some 1987 Edie Brickell .', 'Play the latest 1973 album by Peter Derose .', 'Play twenties symphony from Robert Walter', 'Play a Wendy Carlos song from 2002', 'Play all music Alan released in 1997', 'Play Hasan Saltik from 2004', 'Play some Sabah from the eighties', 'Can you play the newest record from 1966 by Tony Lee', 'play the top nineties melody by Gus G', 'Play a record from 2005 by Ruslana Lyschytschko .', 'play some 1991 Dave Barker', 'I want to hear music from carman from the 1966 album', 'Can you play some fifties music by lavern baker', 'Please play the most popular ep from 1998 by Mc Frontalot', "Play Randy Castillo 's music from 1952 .", 'Play Magic Sam from the thirties', "I want to hear Major Harris 's songs from the fifties", 'Play Vic Ruggiero music from 2007', 'Play ep from Quasimoto from the nineties', 'Play Tina Cousins from 1956', 'play dj kentaro from the year 1994', "Play Trace Adkins ' music from the thirties .", 'Play an Asha Bhosle song from around 1964', 'play Paula Campbell music from 1993', "I want to hear Nokko 's songs from the twenties", 'Play a top five Jonny Buckland symphony from around 1989']
Cluster: 0 | 32 (16.7%)
    ['Play fifties music by Ahmed Abdul Malik', 'Play the good sort of 1992 theme music by Layzie Bone', 'I want to hear the latest twenties album from Kyle Riabko', 'Play fifties from Sirusho Harutyunyan', 'I want to hear Steven Harwell from the thirties', 'Play top-twenty fourties movement music by Mohammad Reza Lotfi .', 'Play Igor Nikolayev music from the fourties', 'Can you play fifties theme music by Mohsen Chavoshi', 'play some eighties by Amirbai Karnataki', 'PLay some fourties music from Erin Harkes', 'Play the newest 2016 ep from Boaz Mauda .', 'Play Eddie Meduza from the thirties', 'Play a top symphony sort form 1959 by Stuart Garrard .', 'Play a movement fromthe eighties by Nobuo Uematsu .', 'Play sixties music by giovanni battista guadagnini .', 'Play fourties soundtrack from Hamish Maccunn', 'Play twenties from Ken Floyd', 'play Abhijeet Bhattacharya from 1986', 'play Richard Thompson from the thirties song book', 'Play music from the artist Taktloss from the record in the thirties', 'Play Niko from the fourties', 'Play 1958 by wayne petti', 'Play some Armik from the fourties', 'I wish to enjoy some fifties music by Johnny Paycheck .', 'I wish to listen to eighties music by Mike Dean .', 'play a movement from top-20 1983 by Baruch Chait', 'play caitlin cary from the fourties', 'play Luis Alfonzo Larrain from 1995', 'play soem nineties Charles Thompson', 'Play music year 2016 by artist Michiru Yamane', 'Play top-50 eighties theme from Alain Caron', 'play 1960 chant music by Hermann Baumann']
Cluster: 12 | 31 (16.1%)
    ['play some seventies Dj Colette', 'I want to hear some twenties music from Billy Sheehan', 'Play a 1969 ballad by beth nielsen chapman , new first.', 'play 2007 tunes by Bunny Berigan', 'play the last song from the thirties by Airto Moreira', 'Can you play the latest faust soundtrack from 1967 ?', 'I want to hear a 1976 symphony by Jam Master Jay', 'play a 1994 tune by Lena Horne', 'Play Arif music from the fourties .', 'Play the top 20 ep from the fifties by John Bundrick .', 'Play music from 2005 by Justin Broadrick', 'Play the top-ten chant Doda songs from the twenties .', 'I want to hear a soundtrack by dj ozma from the sixties .', 'Can you play a song from the fourties by George Martin', 'Play some 2011 music by Dan Healy .', 'Play me some music by Prince Alla from the twenties', 'Play the 1991 soundtrack from Ian Mcdonald', 'Play some music from 1962 from Adeyto', 'Play the last sound track by Soko from around 1975', 'Play some nineties chant music from Nicoleta Nicola', 'Play some 2011 chant music, new first, by Shaggy .', 'Wish to hear a concerto by Diplo from 1952', 'Play some music from 1985 by Rolf Harris', 'play some songs from the fourties by yoshiki fukuyama', 'play some fifties tunes by Mike Mccready', 'Play some Antony Harding songs from the eighties', 'Play music from 2010 by Jason Donovan', 'Play something from 1985 by Billy Werner', 'Play some music by Jody Williams from 2001', 'Play symphony music from 1991 by Irvin Mayfield', 'Play some fifties music by Origa .']
Cluster: 7 | 21 (10.9%)
    ['play a sixties song by George Sanger', 'play a tune by Syreeta Wright from twenties from the top', 'Play some seventies track from top Rie Tomosaka', 'Play me a nineties song by Joseph Genaro', 'Play me a song from the twenties by Randy Bachman', "I'd like to listen to Diana Vickers best tune from the twenties", "I'm looking for the last track by Fei Yu Ching from the fourties", 'Play a 1991 song by Anila Mirza', 'Play the most popular chant song by Hossein Alizadeh from around 2009', 'Play a twenties tune by Jodie Aysha .', 'Play me a song from 1972 by Sweet Emma Barrett', 'Play a song from the seventies by Pepe Aguilar', 'Play me a song by Carol Arnauld from 2003', 'Play a seventies Tom Thacker ballad', 'play Khujo eighties track song', 'Play a song by Alasdair Roberts from 1996', 'Play Elkie Brooks seventies sound track', 'play an eighties song by Ler Lalonde', 'play a tune from 2000 by Bronislau Kaper', 'Play me a 2003 song by Charles Neidich', 'play a top 50 tune from the twenties by Willi Williams']
Cluster: 10 | 7 (3.6%)
    ['Play me an eighties song by Wes Dakus', 'Play me a song from 1976 by Bennie Moten', 'Play music by blowfly from the seventies', 'play Tom Jones album from the twenties', 'Play theme music from the twenties by Tata Young', 'I want to hear a fourties ballad by Luciano', 'Play me a song by Avispa Music from 1965']
Cluster: 2 | 4 (2.1%)
    ['I want to hear a top ten soundtrack from 1984 by Shinehead', 'Play a 2007 track from Adam Jones', 'Play some fifties music by Chris Brown .', 'Play me a fifties song by Chingy']
Cluster: 4 | 3 (1.6%)
    ['Play music from 1989 by Maya .', 'Play a sixties song by Classified', 'Can you play me some eighties music by Adele']
Cluster: 3 | 2 (1.0%)
    ['Play some Rockwell from around 1996', 'Play music from Clark Kent in the year 1987']
Cluster: 1 | 1 (0.5%)
    ['Play best fourties from david izquierdo on album']
Cluster: 5 | 1 (0.5%)
    ['Sort to the last song on playlist from 1983 a chant by Mark Oliver Everett']

==== Feature: PlayMusicByGenreOnService_TEST | 54/863 (6.3%)
Cluster: 11 | 39 (72.2%)
    ['Play classic rock on Groove Shark', 'Play some techno on Lastfm', "Please play something that's freak folk on Google Music", 'play some latin on Zvooq', 'Play music from the punk genre on Last Fm .', 'play classic rock on Slacker', 'play a symphonic rock on Pandora', 'Play some Avantgarde music on Netflix .', 'Play some fast fusion on Spotify', 'Play some noise music on Netflix .', 'Play Goa music on Google Music .', 'Play Techno on Lastfm', 'play pop music with Groove Shark', 'Play bebob on Iheart', 'Play some acapella music on Iheart', 'Play some alternative music on Vimeo', 'Play some Jungle music on iheart', 'Play Slow Rock on Lastfm .', 'I want to hear opera on Netflix', 'Play some contemporary christian on Groove Shark .', 'play some dance on Groove Shark', "I'd like to listen to opera on Youtube", 'Play some rock music on Youtube', 'I want to hear gothic rock on Lastfm', 'Play some jpop on Google Music .', 'Play blues on Vimeo', 'Play slow rock music on Vimeo', 'play some Industrial music on Lastfm', 'play some Classical music on Spotify', 'Play a native us song on Last Fm', 'I want to listen to Swing music on Iheart', 'Play some space music on Google Music', 'Play some Instrumental music on the service Lastfm', 'Can you play some Synthpop music on Youtube', 'play some rap on Pandora', 'Play opera music on google music', 'Play music which has humour on Youtube .', 'Play some indie music on spotify .', 'play some tango on iheart']
Cluster: 4 | 3 (5.6%)
    ['Play some rock & roll by Deezer .', 'Play jazz music by Zvooq', 'play Lastfm pop tunes']
Cluster: 1 | 3 (5.6%)
    ['Use Deezer service to play Opera', 'use Iheart to listen to retro', 'I need to hear some r&b music off of iheart']
Cluster: 10 | 2 (3.7%)
    ['play some Deezer oldies music', 'Open Groove Shark and play native us']
Cluster: 6 | 2 (3.7%)
    ['I Need rave Slacker to play', 'Put on Vimeo and play Kacapi Suling']
Cluster: 13 | 2 (3.7%)
    ['open Spotify and play a couple of celtic songs', 'Use the service Zvooq to play merengue music']
Cluster: 2 | 2 (3.7%)
    ['Use service Vimeo the genre slow rock', 'play Pandora Christian Gangsta Rap']
Cluster: 12 | 1 (1.9%)
    ['play Groove Shark folk-rock']

==== Feature: PlayTrack_DEV | 41/863 (4.8%)
Cluster: 0 | 32 (78.0%)
    ['Play Martha My Dear by shannon .', 'play Shake Your Head', 'Please play Kabhi Jo Baadal Barse by Ruth Lorenzo', 'play No More Sorrow', 'Play me Hier Encore by greydon square', 'Play Odessa by Maartin Allcock .', 'Play teri meri by Josh White', 'play There Must Be More To Life Than This', 'Play Red Barchetta by Blind Lemon Jefferson .', 'play Mikazuki Sunset', 'play the song Si No Te Hubiera Conocido by Haidar Salim', 'Play The Cherry-tree Carol by Edwin Mccain', 'Play El Cant Dels Ocells by vini lopez .', 'play Robin Trower Unravel', 'Play Praise The Lord And Pass The Ammunition .', 'Play Circus Farm by Deana Carter .', 'play Wait Until Tomorrow', 'Please play Got The Time', 'I want to hear Aki Nawaz , play the song fair annie .', 'play Wow by Jon Theodore', 'Play Sense Tu from Ebi Hamedi', 'I want to hear Box Of Rain by Skeets Mcdonald', 'Play In Every Dream Home A Heartache by vincent paul abbott', 'Play Before I Grew Up To Love You by Wafah Dufour', 'Play Ik Hou Van Jou by Elena Temnikova', 'Play Taiwan Is Good by Kotoko .', 'play By The Sleepy Lagoon by Greg Kurstin', 'play This Is Colour by Panda Bear', 'Play That Would Be Something by Eden Ahbez', 'I want to hear This Is The Night from Proof', 'play Moustapha Amar Make It Rain', 'play track Her Majesty']
Cluster: 7 | 5 (12.2%)
    ['play the track The Wizard And I', 'play the song Shine A Light', 'Play the song Le Renouveau', 'play the track Asleep In The Deep', 'Play Verjamem track by Hong Junyang .']
Cluster: 13 | 1 (2.4%)
    ['Play the song Drifting On A Reed by Bobby G']
Cluster: 10 | 1 (2.4%)
    ['Play the track titled Faget']
Cluster: 12 | 1 (2.4%)
    ['Play music off the track Child Maurice']
Cluster: 2 | 1 (2.4%)
    ['Play On My Own']

==== Feature: PlayPlaylist_DEV | 30/863 (3.5%)
Cluster: 0 | 22 (73.3%)
    ['Play my Under The Surface playlist.', 'I want to hear the new Latin Pop Rising list', 'Play the playlist, A Mis Niños de 30 .', 'Play Llegando a Casa playlist', 'Play the music Hands Up', 'Play my Trabajo Relax playlist', 'Play the playlist, Hardstyle, Baby .', 'play Women of Jazz', 'play playlist A Mis Niños de 30', 'Play the playlist introspective', 'Play my entertaining playlist', 'Start up my nostalgic playlist.', 'Play Clásicos del Hip Hop Español', 'Play playlist Chilled R&B', 'Play Noctámbulo playlist', 'Play Noctámbulo pl', 'open the Canciones del Recuerdo playlist and play songs', 'Play something off my New Boots playlist', 'Play ecstatic', 'Play my Piano Ballads playlist.', 'Play my Still Got the Blues playlist.', 'Play Funky Heavy Bluesy']
Cluster: 8 | 5 (16.7%)
    ['Play some dance music.', 'Play breathtaking music', 'Play rhythmic', 'Play my Top Gaming Tracks .', 'Play White Noise .']
Cluster: 12 | 2 (6.7%)
    ['Play music on the playlist Electronic Gaming', 'Play music from the list Indie Electronics']
Cluster: 9 | 1 (3.3%)
    ['Plpay my Disco Fever playlist.']

==== Feature: PlayAlbum_TRAIN | 33/863 (3.8%)
Cluster: 0 | 30 (90.9%)
    ['play steve harris False Gestures For A Devious Public album', 'Play Burhøns by Ernie C .', 'Play A Chaos Of Desire from Dan Snaith', 'Play That Stubborn Kinda Fellow by Michael Amott', 'Play Saturday Nights & Sunday Mornings', 'Play Rei Momo newest album', 'Play Junun by Noam Kaniel .', 'Play the album , Dance Hall At Louse Point .', 'play Fill Yourself With Music by Ray Manzarek', 'I want to hear secrets on parade from Tommy Walter', 'Play The Tyranny Of Distance by Willy Mason .', 'Play Alone, Again from Mike Viola', "Play Dj Shadow 's A Love Hate Masquerade .", 'Play the album Killer Instinkt', 'Play the album Cara De Dios .', "Play Brenda Kahn 's Rushall Station .", 'play the It Could Only Happen With You album by Lawrence', 'Play Andy Williams Sings Rodgers And Hammerstein by elica todorova', 'play the album Wayning Moments by Rabbit Brown', 'Play Yuauea by Rick Ross', 'Play Pledge by Markus Grosskopf', 'play The Insoc Ep', 'Play Kool Keith Presents Thee Undatakerz by John Mccrea .', 'Play the album Vibrations by Marion Elise Raven', 'Play Songs Of Heaven by ami koshimizu', 'Play Expresión from Mickey Finn', 'Play Magic Time by Phoebus', "Play Moondog 's Chupacabra .", 'play Joshua Homme Belle And Sebastian Write About Love', 'Please play Different Slanguages by Fred Labour .']
Cluster: 10 | 1 (3.0%)
    ['Play me a song from Voices & Images']
Cluster: 13 | 1 (3.0%)
    ['Play me a song by Steve Hackett from Manuel']
Cluster: 7 | 1 (3.0%)
    ['Play a song off the Nicht Sprechen album']

==== Feature: PlayMusicByArtistOnService_TRAIN | 68/863 (7.9%)
Cluster: 1 | 44 (64.7%)
    ['Play some Krzysztof Penderecki on Last Fm', 'Play me Leonid Soybelman on Vimeo .', 'Play a song from Helena Iren Michaelsen on Spotify', 'Play the greatest soundtrack by Nhat Son on Last Fm .', 'Use Deezer to play the last song from Lee Dorrian', 'open Fadl Shaker on Spotify and play a melody starting with the newest', "Play Goldie Hill 's record on Google Music .", 'Play a top fifty ballad by Linda Strawberry on Google Music', "Can I hear Jeremy Taggart 's newest chant on Deezer ?", 'I want hear some Junior Murvin off of Youtube', 'Use Last Fm to play artist Kawabata Makoto from their record', 'play valerij kipelov on Vimeo', 'Play the latest ep from Lobby Loyde on Netflix', 'Play dhafer youssef top-twenty on netflix', 'play the top-twenty tune by Masaharu Fukuyama on Slacker', 'Play top music from Charles L. Johnson on vimeo', 'Use Google Music to play some songs by Dr John', "Play Shaina Magdayao 's music on Iheart", 'play the last Rocko music with deezer', 'Play most popular from Nil Burak on Slacker', 'Play the next ep by Video Game Pianist on netflix', 'Play Lukasz Gottwald album on Zvooq', "Can I hear Anna Vissi 's new music on Pandora ?", 'Play chant music by pappu venugopala rao on Slacker .', 'play Asia Nitollano using itunes', 'Play me the most popular Peja song on Slacker', 'Play me a sound track by Bert Mccracken on zvooq', 'I want to hear something by Joe Dolce on Google Music', 'Play new movement from Mike Oldfield on Vimeo', 'I want to hear a top-50 track from Takahito Eguchi on Google Music', 'Play me a ballad by Dres on groove shark', 'Play the most popular ep by marcel khalife on Netflix', 'Play the greatest music you can find by Ari Herstand on Zvooq', 'Play the top-10 chant by Caetano Veloso on Pandora', 'Play the most popular song from Chae Yeon off of Spotify', 'Play the latest ep by Joel Hastings on Itunes .', 'play Steven Reineke greatest soundtrack on Youtube', 'Play some Katiejane Garside on Vimeo .', 'Play an Alla Pougatcheva ballad on Pandora', 'Play a Loretta Lynn tune on Groove Shark', 'Play the best Bruce Ruffin music on Youtube .', 'play the most popular album on Google Music by sasu ripatti', 'Use the service Lastfm to play music by the artist ai kago', 'Can you play a song from the newest movement by prince on Lastfm']
Cluster: 11 | 13 (19.1%)
    ['play some Stephen Jones on Youtube', 'Play chant from Freddy Fender on iheart', 'Play Chris Goss on Netflix', 'Please play Jim Martin on Vimeo .', 'play the last Chris Douglas on Slacker', 'Play a song by Tim Finn on Last Fm', 'Play some David Mallett on last fm', 'Play Dj Cameo on itunes .', 'Play Stevan Faddy on Google Music .', 'play David Banner on Netflix', 'play good music by General Woo on Deezer', "Play Dave Mason 's soundtrack on Last Fm .", 'Play me the new King Curtis music on Google Music .']
Cluster: 13 | 4 (5.9%)
    ['Open Netflix and play David Frizzell', 'Can you pull up a track on Zvooq by Graham Mcpherson', 'Use the service Lastfm to play artist keren peles from the most popular symphony', 'Use Groove Shark to play Krizz Kaliko']
Cluster: 2 | 2 (2.9%)
    ['Play Brian Clifton off Groove Shark .', 'Open Zvooq and play the best songs from Device']
Cluster: 4 | 2 (2.9%)
    ['play some Spotify by Danni Bassan', 'Open Vimeo and play Lee Mellor good songs']
Cluster: 7 | 1 (1.5%)
    ['play Zvooq latest track by Peter Appleyard']
Cluster: 12 | 1 (1.5%)
    ['play deezer top 20 by Natasja']
Cluster: 10 | 1 (1.5%)
    ['Want to play Christina Schollin Lastfm']

==== Feature: PlayMusicByArtistAndYearOnService_TRAIN | 29/863 (3.4%)
Cluster: 1 | 21 (72.4%)
    ['I want to hear Jimmy James from the thirties , play a song on Groove Shark .', 'Play me a 1958 adam yauch concerto on Groove Shark', 'I want to hear something from the nineties by Alissa Musto on Groove Shark', 'Play music from 1959 by Lenny Leblanc on Pandora .', 'I want to hear Dido from 1966 on Youtube', 'Play a Martyn Bennett from 1957 on Pandora', 'Play a 2004 song by eliel on Zvooq .', 'Play the heinz strobl ep from 2016 on Groove Shark', 'play me a Mel Draisey tune from the fourties with vimeo', 'Play me something from the thirties by Candi Staton on Vimeo', 'Play some 1970 Antero Manninen on zvooq .', 'Play a 1958 soundtrack by Rudolf Schenker on Netflix .', 'play an album on Netflix by chris castle from 2011', 'Play a 1998 sound track from Sam The Kid on Last Fm', 'I want to hear some sixties melody from Mark Mcentee off of Google Music', 'Play some seventies songs from Luke Haines off of youtube', 'Play thirties symphony music from Nigga on Iheart', 'Play 2012 symphony music by Nardwuar The Human Serviette on Netflix .', 'I want to hear music by Madeleine Peyroux from 1991 on Youtube .', 'Play some Erin Harkes from the fifties on Lastfm .', 'Play Shinya Yamada music from 1962 on Groove Shark']
Cluster: 11 | 5 (17.2%)
    ["Play Dj Scratch 's eighties music on Iheart .", 'Play 2003 Ben Burnley on Spotify', 'Play 2004 Guy Sebastian on Itunes', 'Play some Ray Williams music from the nineties on spotify', 'Play some sixties music by gaudi on last fm']
Cluster: 4 | 1 (3.4%)
    ['Play some Last Fm music like the 1992 ep from Peaches']
Cluster: 10 | 1 (3.4%)
    ['play Deezer form 2010 tune by Dave Grohl']
Cluster: 13 | 1 (3.4%)
    ['play Slacker tunes by Smog from movement in 2015']

==== Feature: PlayOnService_TEST | 95/863 (11.0%)
Cluster: 11 | 52 (54.7%)
    ['Play some music on Netflix', 'Play music on Itunes .', 'Please play some music for me on Netflix', 'Play some music on Lastfm', 'Play any music on Spotify', 'Play music on my Itunes', 'Play music using Last Fm', 'Play some music on Last Fm', 'Play me something on Last Fm', 'turn on Last Fm', 'Play some music on Lastfm .', 'Use Netflix to play music', 'play music on netflix', 'Play some music on Pandora', 'Play some music on Slacker', 'Play some music on Itunes', 'Play a song on zvooq', 'Play music on Iheart', 'Can you pull up and play something on Itunes', 'Open up music on Last Fm .', 'I want to hear music on my Slacker app', 'Use Spotify to play music', 'Please play something on Last Fm', 'Play me some music on Deezer', 'Play music on Last Fm', 'Play music on Groove Shark .', 'play songs on Itunes', 'Play music on pandora', 'Open my music playlist on Youtube', 'Play some music on spotify', 'play music using Groove Shark', 'Play music on Lastfm', 'Play music on Netflix .', 'play music on Netflix', 'Play some music on Vimeo', 'Use Spotify to play me music', 'Play some music on Vimeo .', 'Play music on Itunes', 'Play music on groove shark', 'Use Itunes to play music', 'Play music on Deezer .', 'Play some music on Slacker', 'I want to hear music on Itunes', 'Play some music using slacker', 'something on Spotify please', 'Play music on youtube', 'Use Deezer to play music', 'Can you play some music on Youtube', 'Play some music on groove shark .', 'Play me a song on Pandora', 'Play music on Spotify .', 'Play music on Spotify .']
Cluster: 4 | 16 (16.8%)
    ["I'd like to hear songs from Iheart", 'Play music off Youtube .', 'Play something off Google Music', 'play Slacker tunes', 'play Google Music tunes', 'Play music off Youtube .', 'Play me some music youtube', 'Open up Lastfm and play some songs.', 'play pandora', 'Play music off Netflix .', 'Play music off Itunes .', 'Open Vimeo and play music.', 'Play music from Lastfm .', 'play songs from Youtube', 'Play music from Youtube .', 'I want to hear some music from Groove Shark']
Cluster: 13 | 14 (14.7%)
    ['Open Lastfm and start playing whatever', 'Open Deezer and play top 40 hits', 'I want to play music off Deezer', 'play Spotify', 'Play music from Lastfm and Deezer .', 'Open youtube', 'I want to hear some music from Spotify', 'Play Spotify', 'Please open pandora for me', 'Play music from Lastfm', 'Please play music from Itunes', 'Start playing something off Spotify', 'I need to hear some music from Spotify', 'Play Spotify']
Cluster: 10 | 7 (7.4%)
    ['Play iheart', 'play Groove Shark', 'play Groove Shark', 'Play Iheart', 'Play Zvooq', 'play Zvooq', 'play Iheart']
Cluster: 2 | 5 (5.3%)
    ['Play Slacker radio.', 'Play some Google Music .', 'Play Deezer', 'Play my Pandora app', 'Play Deezer']
Cluster: 1 | 1 (1.1%)
    ['Use Google Music to play a song']

==== Feature: PlayTrackOnService_DEV | 21/863 (2.4%)
Cluster: 1 | 13 (61.9%)
    ['Play Pacific Ocean Blues by John Doe on Lastfm', 'Play Listen To The Mocking Bird by Billy Martin on Youtube', 'Play The Wizard And I on Zvooq', 'I want to hear Ding Dong Bell on groove shark', 'Play Cherry Pink by Trapp Mendoza on Iheart', 'Play Tooh by Eric Bazilian on Google Music .', 'Play Fais Les Backs by Sarah Geronimo on Youtube', 'Play the song vodka by Kunal Ganjawala on Itunes', 'Play Eternally by Marko Desantis on zvooq .', 'play Yo Ho from the new york pops on Youtube', 'play The Song Remains The Same with Pandora', 'Play Dansevise by Ebi on Groove Shark .', 'Use Spotify to play Who Was In My Room Last Night ?']
Cluster: 11 | 8 (38.1%)
    ['Play Oliver on pandora .', 'Play The God That Failed on Vimeo .', 'Play The Galway Races on Netflix .', 'Play Furusato on Google Music .', 'Play Rocket Queen on Itunes', 'Can you play Maggie Mae on Netflix', 'Play Portsmouth by Paul Smith on Google Music .', 'I want to listen to Born On The Bayou on Iheart']

==== Feature: PlayMusicByArtist_TRAIN | 108/863 (12.5%)
Cluster: 0 | 44 (40.7%)
    ['Please anything good by Chieko Ochi', "Play me Benjamin Kowalewicz 's top hits", 'Play music by Ian Haugland', 'Play Johnny Gimble', 'Play music from Gavin Koppell movement', 'I want to hear a Sandra ep', 'play Fereydoun Farrokhzad best track', 'Play music by Country Dick Montana .', 'I want to hear the top 5 Jamie Lidell songs', 'Play me a symphony by Ricky Bell', 'play Frankie Laine', 'Play them the greatest music by Chris Frantz .', 'I want to hear something from the top-fifty by Jose Pasillas', 'play James Moody ballad', 'Play the top caleigh peters .', 'Play something from the jonathon lee movement', 'play music by Rodney Whitaker', 'Play the newest Phil Stacey .', 'Open the playlist from Sergei Chatschatrjan', 'Play a tune from Space Mandino .', 'Play the top symphony music from Ejigayehu Shibabaw', 'Play top-50 Peter Frampton songs', 'play a chant by Sonsee', 'play latest George Ducas music', 'Play music by Susumu Hirasawa .', 'Play the greatest Ricky Bell music', 'Play top 20 from frank farian', 'play Kurt Cobain ballad tunes', 'Play something by Brian Chase .', 'play ep by Arjen Anthony Lucassen', 'Play the artist Joe', 'Play new Ian Mclagan', 'Play Anweshaa by the new first.', 'play chant music by David Cook', 'Play a melody by Shada Hassoun', 'Can you play a Sammy Fain ep', 'Play movement by Duane Allman .', 'Play Moris Tepper', 'Plan an album by Roni Duani .', "Play Thelma Aoyama 's latest concerto", 'play Christina Milian latest music', 'Play me something by Funtwo', "Play the music of Filipp Bedrossowitsch Kirkorow 's theme", 'Play some Dj Qbert .']
Cluster: 7 | 26 (24.1%)
    ['Can I hear a Da Brat ep ?', 'I want to the latest ballad from Ira Losco', 'listen to Vertexguy track', 'Can you play a top 5 song by Manos Hadjidakis', 'play a top-twenty tune by Noor Jehan', 'play the most popular Miles Jones track', 'Play a top track by Janamanchi Seshadri Sarma', 'play the newest Martin Solveig sound track', 'I want to listen to a popular melody by David Bazan', 'Can you play a sound track by Sissieretta Jones', 'play a sound track by Tom Thacker', 'Can I hear a tune from Vladimir Vysotski ?', 'I want to hear the Jody Williams sound track', "Play Stefon Harris 's song .", "I'd like to hear a track by Theo Keating .", "I'd like to hear the last song fro Willa Ford .", 'Play a new tune by louis silvers .', 'Please play a song by Everlast', 'play a ballad by Chick Corea', 'Can you play a song by Ken', 'Play the soundtrack that Tom Bellamy contributed to', 'Play me a song by Saki Nakajima', 'Play a track by Titiyo', 'Can I hear a song by David Hodges ?', 'play newest Robert Palmer sound track', 'Play me a track by Steve Souza']
Cluster: 12 | 18 (16.7%)
    ['Play some music by Mark Heard .', 'Play the top five songs from Robert Lockwood Junior .', 'play music by Vybz Kartel', 'Play music by Young Steff', 'Play music by artist mark ashley', 'Play the top-ten soundtrack from Kiara .', 'Play some music from Roberto Carlos', 'Play some Laurie Anderson .', 'I want to hear popular music from Martin Lopez', 'play Peja tunes', 'play music by Odd Nosdam', 'Play a melody from Elmer Bernstein', 'Can you play some music by andrew diamond', 'Play the best songs by Jes Brieden', 'Play Lenny Kaye music.', 'play some movement by Dj Spinna', 'Play songs by Naomi Schemer', 'Play some music by Frayser Boy .']
Cluster: 8 | 11 (10.2%)
    ['Play a Paul Davis melody', 'Play some Glenn Miller .', 'I want to hear the newest music from The Railway Children', 'Play some Dave Pearce .', 'Play a melody by avery storm .', 'Play music from Hide', 'I want to hear some Bill Black chant music', 'Play the latest ballad by September', 'Play the latest music by Martin Luther Mccoy', 'Play some James Cleveland .', 'Play me a popular Ronnie Wood soundtrack']
Cluster: 10 | 7 (6.5%)
    ['play a song by Busta Rhymes', 'play songs by Wise', 'Play music by Paul Mccartney', 'Please play songs by Lil Jon', 'Play any track by Flame', 'Play some music by Mutlu', 'Play ballad music by Jeff Lynne .']
Cluster: 2 | 2 (1.9%)
    ['Play me a song by Michael Diamond', 'play music by Bonobo']

==== Feature: PlayMusicByGenre_TRAIN | 26/863 (3.0%)
Cluster: 8 | 14 (53.8%)
    ['play some synthpop', 'Play some Techno', 'Play some Drum & Bass', 'Play some Gospel music.', 'Can you play me some Pop-folk music', 'Play some gothic rock .', 'Play celtic music', 'Play some Game music.', 'Play some symphonic rock .', 'play southern rock tunes', 'Play some art punk .', 'Play Revival music.', 'Can you play me some britpop music', 'Please play me some Satire music']
Cluster: 0 | 7 (26.9%)
    ["I'm in the mood to listen to meditative music.", 'Play Punk Rock music', 'listen to acapella', 'Play slow rock music', "I'd like to hear some trip-hop", 'Play christian gangsta rap', 'I want to hear some psychedelic rock']
Cluster: 12 | 4 (15.4%)
    ['Play music from negerpunk', 'Play me some Terror music', 'Play drum & bass music', 'I want to hear Techno-industrial music.']
Cluster: 10 | 1 (3.8%)
    ['play Techno music']

==== Feature: PlayMusicByYear_TRAIN | 72/863 (8.3%)
Cluster: 3 | 51 (70.8%)
    ['Can you play some music from 1999', 'play a track from the thirties', 'Play the greatest ballad from the seventies', 'Play me songs from 1955', 'Play music from the seventies', 'Please play a song for me from 1959', 'Play some songs from 1958', 'Play me a song from 2016', 'play music from the twenties', 'Play a sound track from 1952 .', 'play something from the twenties', 'I want to hear some songs from the twenties', 'play something from the twenties', 'Play a concerto from the nineties', 'I want to hear music from the sixties .', 'Play any song from the eighties', 'Play me a nineties sound track', 'Play a song from 2013 .', 'play twenties tunes', 'Play record from the seventies', 'Play a 2001 tune', 'Play music from 2002', 'play the newest ep from the sixties', 'play songs from the sixties', 'I want to hear that tune from 2010', 'Play sound track music from the twenties', 'Play music from 1977', 'play a 2006 chant', 'Play some eighties music.', 'Play me an ep from 2005 .', 'I would like to hear music from 1993', 'Play music from 2007 .', 'Listen to music from 1975', 'Play music from the sixties', 'Play the most popular 1956 record .', 'Play a ballad from 1997 .', 'Play music from 1960', 'Play music from 1964', 'Play some chant music from 2008 .', 'Play some theme based music from the thirties .', 'Play some music from 1995', 'play anything from the twenties', 'Play music from 2015', 'Play a record from the year 1979', 'play the top jazz record from 1951', 'I want to hear music from 1975', 'Play music from 1954', 'Please play me a popular track from 1984 .', 'Play that new song from 1970', 'Play a song from 1950', 'play the best album from the seventies']
Cluster: 8 | 18 (25.0%)
    ['I wish to listen to some fifties music.', 'Play the top hits of 2016', 'Play 1993 theme music', 'Would you please play me a symphony from 1995', 'Play sixties theme music', 'play 1970 trunes', 'I need to hear a thirties soundtrack', 'play fifties track music', 'play the last chant from the fourties', 'Play me a 1957 ep', 'Play music from the seventies for me.', 'Play eighties music', 'Play top-five concerto music from 1992', 'Play the top movement music from 1997 .', 'I want to hear a top-20 chant from the twenties', 'Play fifties music', 'Play some eighties movement music', 'Play fifties music']
Cluster: 7 | 3 (4.2%)
    ['Play me a song from the fourties movement', 'Ply best 1973 sound track', 'Please play me a top nineties theme song']

==== Feature: PlayAlbumOnService_TEST | 64/863 (7.4%)
Cluster: 1 | 45 (70.3%)
    ['Play the album Resurrection In Blood from Sleepy Brown on Itunes .', 'Play me a Felix Kubin from No Light on Spotify', 'Play Grabsteinland I by Doctor Fink on slacker radio', "Play a song off Ian Stuart Donaldson 's Nature Nurture album on Itunes", 'play Make The Cowboy Robots Cry by Sabin Rai on Vimeo', 'play In The Arms Of God on Zvooq by Nimal Mendis', 'Play the album 21st Century Live by Chet Lam on Itunes .', 'Play The Cross And The Crucible by Angela Au Man Sze on Google Music', 'Play a song of I Myself And Me on Youtube', 'Play some Carmen Mcrae from Ed Robertson off of Itunes', 'Play me a song from Movies For The Blind on Pandora', 'Play a song by Electric Tones from their Kurutta Taiyō album on Last Fm', 'listen to Westbam alumb Allergic on Google Music', 'play Heavy Machinery by Phil Spector on Zvooq', 'Play play Lodge by Alkabli on lastfm .', "Play Russell Morris 's The Singer And The Song on Netflix .", 'I want to hear something off Fist For Fight by Rushton Moreve on Youtube', 'Play the album Jack Takes The Floor by Tom Lehrer on netflix', 'play The Edge by Deezer on Vans Warped Tour Compilation 2003', 'use Lastfm to play Attack Of The Planet Smashers', "play Fey 's album Diamond Head on Zvooq", 'Play The Eternal by Juju Mob on Vimeo .', 'Play 25 To Life by Paul Riley on Deezer .', 'play the album Pressure Cracks with Netflix', 'play the album Winner Takes All by Takuro with Last Fm', 'Play hanging in the balance by Nik Kershaw on Zvooq .', 'Play Salmonella Dub Dvd by mario rubalcaba on Vimeo', 'Play artist stu davis from the album Dub Chamber 3 on Netflix', 'Play Halid 08 by video game pianist on Pandora', 'Play a song off Get Up Offa That Thing by Doseone on Last Fm', 'Play Regulate…g Funk Era by artist Iouri Bachmet on groove shark', 'Play Short Walk On A Long Pier on Slacker', 'Play The Way It Has To Be by Tom G Warrior on Zvooq', 'Play music from jeremy taylor on the album Dormi Amore, La Situazione Non È Buona on Groove Shark', 'play the album Sauna on Zvooq', 'Play Foundling by Jean Grae on Vimeo .', 'Play Skin & Bone by Jess Stacy on Deezer', 'I want to hear Gloryhole from Mani off of Lastfm', 'Play While We Were Waiting by Sippie Wallace on Vimeo', 'play some Annie Herring beat street on itunes', 'I want to listen to the album going back to the blue ridge mountains on iheart', 'Play Kim Wilde by Mike Scott on Slacker', 'Play Paul Landers , O Rio, A Cidade, A Árvore on slacker', 'play Isaac Hayes on Pandora from love, sweat and beer ep', 'play scott la rock from Stella on Slacker']
Cluster: 11 | 9 (14.1%)
    ['Play breed the killers on Itunes', 'Play Change Has Come on Google Music .', 'play Safe Rock And Roll Sucks on Lastfm', 'Plays some akb48 on Youtube', 'Play Night Electric Night on Iheart', 'play Courting The Squall on Slacker', 'Play Murder The Mountains by Mana on Netflix', "Let's play the album Handover on Deezer", 'play Going Down To The River on Pandora']
Cluster: 13 | 4 (6.2%)
    ['Please play Short And Sweet by Teyana Taylor from my itunes .', 'Open Itunes and play Bad Attitude', 'Use service Vimeo to play music from the artist Mick track Now We Are 5', 'Use Groove Shark to play the Today And Tomorrow album']
Cluster: 4 | 4 (6.2%)
    ['Open Youtube and play Connie Francis Sings Spanish And Latin American Favorites from Yukiko Iwai', 'Open Lastfm and play a voluntad del cielo from Wax', 'Lets hear some Dawood Sarkhosh from their The Power Of Your Love album from Groove Shark', 'Open Youtube and play Iron Mountain Depot from John Lomax']
Cluster: 2 | 2 (3.1%)
    ['play Itunes album mondovisione', 'I want to listen to Lastfm , play A Drop Of The Hard Stuff by Joi Chua .']

